2021-04-10T09:29:27+00:00 ERROR Error getting remote inbox notification data feed
2021-04-10T09:29:27+00:00 ERROR WP_Error Object
(
    [errors] => Array
        (
            [http_request_failed] => Array
                (
                    [0] => stream_socket_client(): php_network_getaddresses: getaddrinfo failed: No such host is known. 
stream_socket_client(): Unable to connect to ssl://woocommerce.com:443 (php_network_getaddresses: getaddrinfo failed: No such host is known. )
                )

        )

    [error_data] => Array
        (
        )

    [additional_data:protected] => Array
        (
        )

)

2021-04-10T09:29:27+00:00 ERROR Error getting remote inbox notification data feed
2021-04-10T09:29:27+00:00 ERROR WP_Error Object
(
    [errors] => Array
        (
            [http_request_failed] => Array
                (
                    [0] => stream_socket_client(): php_network_getaddresses: getaddrinfo failed: No such host is known. 
stream_socket_client(): Unable to connect to ssl://woocommerce.com:443 (php_network_getaddresses: getaddrinfo failed: No such host is known. )
                )

        )

    [error_data] => Array
        (
        )

    [additional_data:protected] => Array
        (
        )

)

2021-04-10T11:09:59+00:00 ERROR Error getting remote inbox notification data feed
2021-04-10T11:09:59+00:00 ERROR WP_Error Object
(
    [errors] => Array
        (
            [http_request_failed] => Array
                (
                    [0] => stream_socket_client(): php_network_getaddresses: getaddrinfo failed: No such host is known. 
stream_socket_client(): Unable to connect to ssl://woocommerce.com:443 (php_network_getaddresses: getaddrinfo failed: No such host is known. )
                )

        )

    [error_data] => Array
        (
        )

    [additional_data:protected] => Array
        (
        )

)

2021-04-10T11:13:38+00:00 ERROR Error getting remote inbox notification data feed
2021-04-10T11:13:38+00:00 ERROR WP_Error Object
(
    [errors] => Array
        (
            [http_request_failed] => Array
                (
                    [0] => stream_socket_client(): php_network_getaddresses: getaddrinfo failed: No such host is known. 
stream_socket_client(): Unable to connect to ssl://woocommerce.com:443 (php_network_getaddresses: getaddrinfo failed: No such host is known. )
                )

        )

    [error_data] => Array
        (
        )

    [additional_data:protected] => Array
        (
        )

)

2021-04-10T11:14:37+00:00 ERROR Error getting remote inbox notification data feed
2021-04-10T11:14:37+00:00 ERROR WP_Error Object
(
    [errors] => Array
        (
            [http_request_failed] => Array
                (
                    [0] => stream_socket_client(): php_network_getaddresses: getaddrinfo failed: No such host is known. 
stream_socket_client(): Unable to connect to ssl://woocommerce.com:443 (php_network_getaddresses: getaddrinfo failed: No such host is known. )
                )

        )

    [error_data] => Array
        (
        )

    [additional_data:protected] => Array
        (
        )

)

2021-04-10T11:15:26+00:00 ERROR Error getting remote inbox notification data feed
2021-04-10T11:15:26+00:00 ERROR WP_Error Object
(
    [errors] => Array
        (
            [http_request_failed] => Array
                (
                    [0] => stream_socket_client(): php_network_getaddresses: getaddrinfo failed: No such host is known. 
stream_socket_client(): Unable to connect to ssl://woocommerce.com:443 (php_network_getaddresses: getaddrinfo failed: No such host is known. )
                )

        )

    [error_data] => Array
        (
        )

    [additional_data:protected] => Array
        (
        )

)

2021-04-10T11:19:08+00:00 ERROR Error getting remote inbox notification data feed
2021-04-10T11:19:08+00:00 ERROR WP_Error Object
(
    [errors] => Array
        (
            [http_request_failed] => Array
                (
                    [0] => stream_socket_client(): php_network_getaddresses: getaddrinfo failed: No such host is known. 
stream_socket_client(): Unable to connect to ssl://woocommerce.com:443 (php_network_getaddresses: getaddrinfo failed: No such host is known. )
                )

        )

    [error_data] => Array
        (
        )

    [additional_data:protected] => Array
        (
        )

)

2021-04-10T11:21:21+00:00 ERROR Error getting remote inbox notification data feed
2021-04-10T11:21:21+00:00 ERROR WP_Error Object
(
    [errors] => Array
        (
            [http_request_failed] => Array
                (
                    [0] => stream_socket_client(): php_network_getaddresses: getaddrinfo failed: No such host is known. 
stream_socket_client(): Unable to connect to ssl://woocommerce.com:443 (php_network_getaddresses: getaddrinfo failed: No such host is known. )
                )

        )

    [error_data] => Array
        (
        )

    [additional_data:protected] => Array
        (
        )

)

2021-04-10T11:22:26+00:00 ERROR Error getting remote inbox notification data feed
2021-04-10T11:22:26+00:00 ERROR WP_Error Object
(
    [errors] => Array
        (
            [http_request_failed] => Array
                (
                    [0] => stream_socket_client(): php_network_getaddresses: getaddrinfo failed: No such host is known. 
stream_socket_client(): Unable to connect to ssl://woocommerce.com:443 (php_network_getaddresses: getaddrinfo failed: No such host is known. )
                )

        )

    [error_data] => Array
        (
        )

    [additional_data:protected] => Array
        (
        )

)

